# JRE version: OpenJDK Runtime Environment Temurin-17.0.13+11 (17.0.13+11) (build 17.0.13+11)
# Java VM: OpenJDK 64-Bit Server VM Temurin-17.0.13+11 (17.0.13+11, mixed mode, tiered, compressed oops, compressed class ptrs, parallel gc, windows-amd64)
GC Precious Log:
 CPUs: 20 total, 20 available
 Memory: 16004M
 Large Page Support: Disabled
 NUMA Support: Disabled
 Compressed Oops: Enabled (32-bit)
 Alignments: Space 512K, Generation 512K, Heap 2M
 Heap Min Capacity: 100M
 Heap Initial Capacity: 100M
 Heap Max Capacity: 1G
 Pre-touch: Disabled
 Parallel Workers: 15
Heap:
 PSYoungGen      total 22528K, used 6591K [0x00000000eab00000, 0x00000000ec500000, 0x0000000100000000)
  eden space 19968K, 20% used [0x00000000eab00000,0x00000000eaef9cd0,0x00000000ebe80000)
  from space 2560K, 98% used [0x00000000ec180000,0x00000000ec3f6008,0x00000000ec400000)
  to   space 3072K, 0% used [0x00000000ebe80000,0x00000000ebe80000,0x00000000ec180000)
 ParOldGen       total 68608K, used 41364K [0x00000000c0000000, 0x00000000c4300000, 0x00000000eab00000)
  object space 68608K, 60% used [0x00000000c0000000,0x00000000c28650e8,0x00000000c4300000)
 Metaspace       used 48856K, committed 49920K, reserved 1114112K
  class space    used 5068K, committed 5568K, reserved 1048576K
GC Heap History (20 events):
Event: 20.365 GC heap before
{Heap before GC invocations=18 (full 2):
 PSYoungGen      total 23552K, used 23285K [0x00000000eab00000, 0x00000000ec580000, 0x0000000100000000)
  eden space 22016K, 100% used [0x00000000eab00000,0x00000000ec080000,0x00000000ec080000)
  from space 1536K, 82% used [0x00000000ec380000,0x00000000ec4bd7c8,0x00000000ec500000)
  to   space 512K, 0% used [0x00000000ec500000,0x00000000ec500000,0x00000000ec580000)
 ParOldGen       total 68608K, used 18520K [0x00000000c0000000, 0x00000000c4300000, 0x00000000eab00000)
  object space 68608K, 26% used [0x00000000c0000000,0x00000000c1216270,0x00000000c4300000)
 Metaspace       used 45046K, committed 46080K, reserved 1114112K
  class space    used 4557K, committed 4992K, reserved 1048576K
}
Event: 20.368 GC heap after
{Heap after GC invocations=18 (full 2):
 PSYoungGen      total 22528K, used 512K [0x00000000eab00000, 0x00000000ec780000, 0x0000000100000000)
  eden space 22016K, 0% used [0x00000000eab00000,0x00000000eab00000,0x00000000ec080000)
  from space 512K, 100% used [0x00000000ec500000,0x00000000ec580000,0x00000000ec580000)
  to   space 3584K, 0% used [0x00000000ec080000,0x00000000ec080000,0x00000000ec400000)
 ParOldGen       total 68608K, used 21130K [0x00000000c0000000, 0x00000000c4300000, 0x00000000eab00000)
  object space 68608K, 30% used [0x00000000c0000000,0x00000000c14a2858,0x00000000c4300000)
 Metaspace       used 45046K, committed 46080K, reserved 1114112K
  class space    used 4557K, committed 4992K, reserved 1048576K
}
Event: 20.459 GC heap before
{Heap before GC invocations=19 (full 2):
 PSYoungGen      total 22528K, used 22528K [0x00000000eab00000, 0x00000000ec780000, 0x0000000100000000)
  eden space 22016K, 100% used [0x00000000eab00000,0x00000000ec080000,0x00000000ec080000)
  from space 512K, 100% used [0x00000000ec500000,0x00000000ec580000,0x00000000ec580000)
  to   space 3584K, 0% used [0x00000000ec080000,0x00000000ec080000,0x00000000ec400000)
 ParOldGen       total 68608K, used 21130K [0x00000000c0000000, 0x00000000c4300000, 0x00000000eab00000)
  object space 68608K, 30% used [0x00000000c0000000,0x00000000c14a2858,0x00000000c4300000)
 Metaspace       used 45310K, committed 46208K, reserved 1114112K
  class space    used 4596K, committed 4992K, reserved 1048576K
}
Event: 20.461 GC heap after
{Heap after GC invocations=19 (full 2):
 PSYoungGen      total 25088K, used 2860K [0x00000000eab00000, 0x00000000ec680000, 0x0000000100000000)
  eden space 22016K, 0% used [0x00000000eab00000,0x00000000eab00000,0x00000000ec080000)
  from space 3072K, 93% used [0x00000000ec080000,0x00000000ec34b028,0x00000000ec380000)
  to   space 3072K, 0% used [0x00000000ec380000,0x00000000ec380000,0x00000000ec680000)
 ParOldGen       total 68608K, used 21610K [0x00000000c0000000, 0x00000000c4300000, 0x00000000eab00000)
  object space 68608K, 31% used [0x00000000c0000000,0x00000000c151a858,0x00000000c4300000)
 Metaspace       used 45310K, committed 46208K, reserved 1114112K
  class space    used 4596K, committed 4992K, reserved 1048576K
}
Event: 20.567 GC heap before
{Heap before GC invocations=20 (full 2):
 PSYoungGen      total 25088K, used 24876K [0x00000000eab00000, 0x00000000ec680000, 0x0000000100000000)
  eden space 22016K, 100% used [0x00000000eab00000,0x00000000ec080000,0x00000000ec080000)
  from space 3072K, 93% used [0x00000000ec080000,0x00000000ec34b028,0x00000000ec380000)
  to   space 3072K, 0% used [0x00000000ec380000,0x00000000ec380000,0x00000000ec680000)
 ParOldGen       total 68608K, used 21610K [0x00000000c0000000, 0x00000000c4300000, 0x00000000eab00000)
  object space 68608K, 31% used [0x00000000c0000000,0x00000000c151a858,0x00000000c4300000)
 Metaspace       used 45559K, committed 46528K, reserved 1114112K
  class space    used 4635K, committed 5120K, reserved 1048576K
}
Event: 20.569 GC heap after
{Heap after GC invocations=20 (full 2):
 PSYoungGen      total 24576K, used 2257K [0x00000000eab00000, 0x00000000ec600000, 0x0000000100000000)
  eden space 22016K, 0% used [0x00000000eab00000,0x00000000eab00000,0x00000000ec080000)
  from space 2560K, 88% used [0x00000000ec380000,0x00000000ec5b4410,0x00000000ec600000)
  to   space 2560K, 0% used [0x00000000ec100000,0x00000000ec100000,0x00000000ec380000)
 ParOldGen       total 68608K, used 24278K [0x00000000c0000000, 0x00000000c4300000, 0x00000000eab00000)
  object space 68608K, 35% used [0x00000000c0000000,0x00000000c17b5870,0x00000000c4300000)
 Metaspace       used 45559K, committed 46528K, reserved 1114112K
  class space    used 4635K, committed 5120K, reserved 1048576K
}
Event: 20.659 GC heap before
{Heap before GC invocations=21 (full 2):
 PSYoungGen      total 24576K, used 24273K [0x00000000eab00000, 0x00000000ec600000, 0x0000000100000000)
  eden space 22016K, 100% used [0x00000000eab00000,0x00000000ec080000,0x00000000ec080000)
  from space 2560K, 88% used [0x00000000ec380000,0x00000000ec5b4410,0x00000000ec600000)
  to   space 2560K, 0% used [0x00000000ec100000,0x00000000ec100000,0x00000000ec380000)
 ParOldGen       total 68608K, used 24278K [0x00000000c0000000, 0x00000000c4300000, 0x00000000eab00000)
  object space 68608K, 35% used [0x00000000c0000000,0x00000000c17b5870,0x00000000c4300000)
 Metaspace       used 45860K, committed 46912K, reserved 1114112K
  class space    used 4685K, committed 5120K, reserved 1048576K
}
Event: 20.662 GC heap after
{Heap after GC invocations=21 (full 2):
 PSYoungGen      total 24576K, used 2189K [0x00000000eab00000, 0x00000000ec580000, 0x0000000100000000)
  eden space 22016K, 0% used [0x00000000eab00000,0x00000000eab00000,0x00000000ec080000)
  from space 2560K, 85% used [0x00000000ec100000,0x00000000ec323618,0x00000000ec380000)
  to   space 2048K, 0% used [0x00000000ec380000,0x00000000ec380000,0x00000000ec580000)
 ParOldGen       total 68608K, used 26182K [0x00000000c0000000, 0x00000000c4300000, 0x00000000eab00000)
  object space 68608K, 38% used [0x00000000c0000000,0x00000000c1991880,0x00000000c4300000)
 Metaspace       used 45860K, committed 46912K, reserved 1114112K
  class space    used 4685K, committed 5120K, reserved 1048576K
}
Event: 20.722 GC heap before
{Heap before GC invocations=22 (full 2):
 PSYoungGen      total 24576K, used 24205K [0x00000000eab00000, 0x00000000ec580000, 0x0000000100000000)
  eden space 22016K, 100% used [0x00000000eab00000,0x00000000ec080000,0x00000000ec080000)
  from space 2560K, 85% used [0x00000000ec100000,0x00000000ec323618,0x00000000ec380000)
  to   space 2048K, 0% used [0x00000000ec380000,0x00000000ec380000,0x00000000ec580000)
 ParOldGen       total 68608K, used 26182K [0x00000000c0000000, 0x00000000c4300000, 0x00000000eab00000)
  object space 68608K, 38% used [0x00000000c0000000,0x00000000c1991880,0x00000000c4300000)
 Metaspace       used 46121K, committed 47168K, reserved 1114112K
  class space    used 4715K, committed 5184K, reserved 1048576K
}
Event: 20.725 GC heap after
{Heap after GC invocations=22 (full 2):
 PSYoungGen      total 22528K, used 2043K [0x00000000eab00000, 0x00000000ec980000, 0x0000000100000000)
  eden space 20480K, 0% used [0x00000000eab00000,0x00000000eab00000,0x00000000ebf00000)
  from space 2048K, 99% used [0x00000000ec380000,0x00000000ec57ec18,0x00000000ec580000)
  to   space 4608K, 0% used [0x00000000ebf00000,0x00000000ebf00000,0x00000000ec380000)
 ParOldGen       total 68608K, used 28385K [0x00000000c0000000, 0x00000000c4300000, 0x00000000eab00000)
  object space 68608K, 41% used [0x00000000c0000000,0x00000000c1bb8718,0x00000000c4300000)
 Metaspace       used 46121K, committed 47168K, reserved 1114112K
  class space    used 4715K, committed 5184K, reserved 1048576K
}
Event: 20.894 GC heap before
{Heap before GC invocations=23 (full 2):
 PSYoungGen      total 22528K, used 22523K [0x00000000eab00000, 0x00000000ec980000, 0x0000000100000000)
  eden space 20480K, 100% used [0x00000000eab00000,0x00000000ebf00000,0x00000000ebf00000)
  from space 2048K, 99% used [0x00000000ec380000,0x00000000ec57ec18,0x00000000ec580000)
  to   space 4608K, 0% used [0x00000000ebf00000,0x00000000ebf00000,0x00000000ec380000)
 ParOldGen       total 68608K, used 28385K [0x00000000c0000000, 0x00000000c4300000, 0x00000000eab00000)
  object space 68608K, 41% used [0x00000000c0000000,0x00000000c1bb8718,0x00000000c4300000)
 Metaspace       used 46806K, committed 47808K, reserved 1114112K
  class space    used 4784K, committed 5248K, reserved 1048576K
}
Event: 20.899 GC heap after
{Heap after GC invocations=23 (full 2):
 PSYoungGen      total 24064K, used 3219K [0x00000000eab00000, 0x00000000ec600000, 0x0000000100000000)
  eden space 20480K, 0% used [0x00000000eab00000,0x00000000eab00000,0x00000000ebf00000)
  from space 3584K, 89% used [0x00000000ebf00000,0x00000000ec224e88,0x00000000ec280000)
  to   space 3584K, 0% used [0x00000000ec280000,0x00000000ec280000,0x00000000ec600000)
 ParOldGen       total 68608K, used 30358K [0x00000000c0000000, 0x00000000c4300000, 0x00000000eab00000)
  object space 68608K, 44% used [0x00000000c0000000,0x00000000c1da5a68,0x00000000c4300000)
 Metaspace       used 46806K, committed 47808K, reserved 1114112K
  class space    used 4784K, committed 5248K, reserved 1048576K
}
Event: 21.136 GC heap before
{Heap before GC invocations=24 (full 2):
 PSYoungGen      total 24064K, used 23699K [0x00000000eab00000, 0x00000000ec600000, 0x0000000100000000)
  eden space 20480K, 100% used [0x00000000eab00000,0x00000000ebf00000,0x00000000ebf00000)
  from space 3584K, 89% used [0x00000000ebf00000,0x00000000ec224e88,0x00000000ec280000)
  to   space 3584K, 0% used [0x00000000ec280000,0x00000000ec280000,0x00000000ec600000)
 ParOldGen       total 68608K, used 30358K [0x00000000c0000000, 0x00000000c4300000, 0x00000000eab00000)
  object space 68608K, 44% used [0x00000000c0000000,0x00000000c1da5a68,0x00000000c4300000)
 Metaspace       used 47857K, committed 48960K, reserved 1114112K
  class space    used 4924K, committed 5440K, reserved 1048576K
}
Event: 21.138 GC heap after
{Heap after GC invocations=24 (full 2):
 PSYoungGen      total 24064K, used 3114K [0x00000000eab00000, 0x00000000ec600000, 0x0000000100000000)
  eden space 20480K, 0% used [0x00000000eab00000,0x00000000eab00000,0x00000000ebf00000)
  from space 3584K, 86% used [0x00000000ec280000,0x00000000ec58abb8,0x00000000ec600000)
  to   space 3584K, 0% used [0x00000000ebf00000,0x00000000ebf00000,0x00000000ec280000)
 ParOldGen       total 68608K, used 32827K [0x00000000c0000000, 0x00000000c4300000, 0x00000000eab00000)
  object space 68608K, 47% used [0x00000000c0000000,0x00000000c200eed8,0x00000000c4300000)
 Metaspace       used 47857K, committed 48960K, reserved 1114112K
  class space    used 4924K, committed 5440K, reserved 1048576K
}
Event: 21.273 GC heap before
{Heap before GC invocations=25 (full 2):
 PSYoungGen      total 24064K, used 23594K [0x00000000eab00000, 0x00000000ec600000, 0x0000000100000000)
  eden space 20480K, 100% used [0x00000000eab00000,0x00000000ebf00000,0x00000000ebf00000)
  from space 3584K, 86% used [0x00000000ec280000,0x00000000ec58abb8,0x00000000ec600000)
  to   space 3584K, 0% used [0x00000000ebf00000,0x00000000ebf00000,0x00000000ec280000)
 ParOldGen       total 68608K, used 32827K [0x00000000c0000000, 0x00000000c4300000, 0x00000000eab00000)
  object space 68608K, 47% used [0x00000000c0000000,0x00000000c200eed8,0x00000000c4300000)
 Metaspace       used 48086K, committed 49152K, reserved 1114112K
  class space    used 4965K, committed 5440K, reserved 1048576K
}
Event: 21.275 GC heap after
{Heap after GC invocations=25 (full 2):
 PSYoungGen      total 23040K, used 2307K [0x00000000eab00000, 0x00000000ec500000, 0x0000000100000000)
  eden space 20480K, 0% used [0x00000000eab00000,0x00000000eab00000,0x00000000ebf00000)
  from space 2560K, 90% used [0x00000000ebf00000,0x00000000ec140e70,0x00000000ec180000)
  to   space 3072K, 0% used [0x00000000ec200000,0x00000000ec200000,0x00000000ec500000)
 ParOldGen       total 68608K, used 35537K [0x00000000c0000000, 0x00000000c4300000, 0x00000000eab00000)
  object space 68608K, 51% used [0x00000000c0000000,0x00000000c22b4580,0x00000000c4300000)
 Metaspace       used 48086K, committed 49152K, reserved 1114112K
  class space    used 4965K, committed 5440K, reserved 1048576K
}
Event: 21.376 GC heap before
{Heap before GC invocations=26 (full 2):
 PSYoungGen      total 23040K, used 22787K [0x00000000eab00000, 0x00000000ec500000, 0x0000000100000000)
  eden space 20480K, 100% used [0x00000000eab00000,0x00000000ebf00000,0x00000000ebf00000)
  from space 2560K, 90% used [0x00000000ebf00000,0x00000000ec140e70,0x00000000ec180000)
  to   space 3072K, 0% used [0x00000000ec200000,0x00000000ec200000,0x00000000ec500000)
 ParOldGen       total 68608K, used 35537K [0x00000000c0000000, 0x00000000c4300000, 0x00000000eab00000)
  object space 68608K, 51% used [0x00000000c0000000,0x00000000c22b4580,0x00000000c4300000)
 Metaspace       used 48287K, committed 49344K, reserved 1114112K
  class space    used 4994K, committed 5504K, reserved 1048576K
}
Event: 21.377 GC heap after
{Heap after GC invocations=26 (full 2):
 PSYoungGen      total 23040K, used 2188K [0x00000000eab00000, 0x00000000ec480000, 0x0000000100000000)
  eden space 20480K, 0% used [0x00000000eab00000,0x00000000eab00000,0x00000000ebf00000)
  from space 2560K, 85% used [0x00000000ec200000,0x00000000ec423008,0x00000000ec480000)
  to   space 2560K, 0% used [0x00000000ebf00000,0x00000000ebf00000,0x00000000ec180000)
 ParOldGen       total 68608K, used 37469K [0x00000000c0000000, 0x00000000c4300000, 0x00000000eab00000)
  object space 68608K, 54% used [0x00000000c0000000,0x00000000c2497790,0x00000000c4300000)
 Metaspace       used 48287K, committed 49344K, reserved 1114112K
  class space    used 4994K, committed 5504K, reserved 1048576K
}
Event: 21.467 GC heap before
{Heap before GC invocations=27 (full 2):
 PSYoungGen      total 23040K, used 22668K [0x00000000eab00000, 0x00000000ec480000, 0x0000000100000000)
  eden space 20480K, 100% used [0x00000000eab00000,0x00000000ebf00000,0x00000000ebf00000)
  from space 2560K, 85% used [0x00000000ec200000,0x00000000ec423008,0x00000000ec480000)
  to   space 2560K, 0% used [0x00000000ebf00000,0x00000000ebf00000,0x00000000ec180000)
 ParOldGen       total 68608K, used 37470K [0x00000000c0000000, 0x00000000c4300000, 0x00000000eab00000)
  object space 68608K, 54% used [0x00000000c0000000,0x00000000c2497878,0x00000000c4300000)
 Metaspace       used 48522K, committed 49536K, reserved 1114112K
  class space    used 5022K, committed 5504K, reserved 1048576K
}
Event: 21.468 GC heap after
{Heap after GC invocations=27 (full 2):
 PSYoungGen      total 23040K, used 2304K [0x00000000eab00000, 0x00000000ec400000, 0x0000000100000000)
  eden space 20480K, 0% used [0x00000000eab00000,0x00000000eab00000,0x00000000ebf00000)
  from space 2560K, 90% used [0x00000000ebf00000,0x00000000ec140000,0x00000000ec180000)
  to   space 2560K, 0% used [0x00000000ec180000,0x00000000ec180000,0x00000000ec400000)
 ParOldGen       total 68608K, used 39418K [0x00000000c0000000, 0x00000000c4300000, 0x00000000eab00000)
  object space 68608K, 57% used [0x00000000c0000000,0x00000000c267e880,0x00000000c4300000)
 Metaspace       used 48522K, committed 49536K, reserved 1114112K
  class space    used 5022K, committed 5504K, reserved 1048576K
}

