# JRE version: OpenJDK Runtime Environment Temurin-17.0.13+11 (17.0.13+11) (build 17.0.13+11)
# Java VM: OpenJDK 64-Bit Server VM Temurin-17.0.13+11 (17.0.13+11, mixed mode, tiered, compressed oops, compressed class ptrs, parallel gc, windows-amd64)
GC Precious Log:
 CPUs: 20 total, 20 available
 Memory: 16004M
 Large Page Support: Disabled
 NUMA Support: Disabled
 Compressed Oops: Enabled (32-bit)
 Alignments: Space 512K, Generation 512K, Heap 2M
 Heap Min Capacity: 100M
 Heap Initial Capacity: 100M
 Heap Max Capacity: 1G
 Pre-touch: Disabled
 Parallel Workers: 15
Heap:
 PSYoungGen      total 6656K, used 5206K [0x00000000eab00000, 0x00000000eb280000, 0x0000000100000000)
  eden space 6144K, 77% used [0x00000000eab00000,0x00000000eafadaa0,0x00000000eb100000)
  from space 512K, 81% used [0x00000000eb180000,0x00000000eb1e8000,0x00000000eb200000)
  to   space 512K, 0% used [0x00000000eb200000,0x00000000eb200000,0x00000000eb280000)
 ParOldGen       total 84480K, used 60735K [0x00000000c0000000, 0x00000000c5280000, 0x00000000eab00000)
  object space 84480K, 71% used [0x00000000c0000000,0x00000000c3b4fee0,0x00000000c5280000)
 Metaspace       used 76466K, committed 77760K, reserved 1179648K
  class space    used 8036K, committed 8640K, reserved 1048576K
GC Heap History (20 events):
Event: 26.172 GC heap before
{Heap before GC invocations=163 (full 5):
 PSYoungGen      total 6656K, used 6650K [0x00000000eab00000, 0x00000000eb300000, 0x0000000100000000)
  eden space 6144K, 100% used [0x00000000eab00000,0x00000000eb100000,0x00000000eb100000)
  from space 512K, 98% used [0x00000000eb200000,0x00000000eb27e900,0x00000000eb280000)
  to   space 1024K, 0% used [0x00000000eb100000,0x00000000eb100000,0x00000000eb200000)
 ParOldGen       total 100352K, used 97934K [0x00000000c0000000, 0x00000000c6200000, 0x00000000eab00000)
  object space 100352K, 97% used [0x00000000c0000000,0x00000000c5fa3b98,0x00000000c6200000)
 Metaspace       used 76360K, committed 77696K, reserved 1179648K
  class space    used 8036K, committed 8640K, reserved 1048576K
}
Event: 26.173 GC heap after
{Heap after GC invocations=163 (full 5):
 PSYoungGen      total 7168K, used 512K [0x00000000eab00000, 0x00000000eb300000, 0x0000000100000000)
  eden space 6144K, 0% used [0x00000000eab00000,0x00000000eab00000,0x00000000eb100000)
  from space 1024K, 50% used [0x00000000eb100000,0x00000000eb180000,0x00000000eb200000)
  to   space 1024K, 0% used [0x00000000eb200000,0x00000000eb200000,0x00000000eb300000)
 ParOldGen       total 100352K, used 98123K [0x00000000c0000000, 0x00000000c6200000, 0x00000000eab00000)
  object space 100352K, 97% used [0x00000000c0000000,0x00000000c5fd2d98,0x00000000c6200000)
 Metaspace       used 76360K, committed 77696K, reserved 1179648K
  class space    used 8036K, committed 8640K, reserved 1048576K
}
Event: 26.181 GC heap before
{Heap before GC invocations=164 (full 5):
 PSYoungGen      total 7168K, used 6656K [0x00000000eab00000, 0x00000000eb300000, 0x0000000100000000)
  eden space 6144K, 100% used [0x00000000eab00000,0x00000000eb100000,0x00000000eb100000)
  from space 1024K, 50% used [0x00000000eb100000,0x00000000eb180000,0x00000000eb200000)
  to   space 1024K, 0% used [0x00000000eb200000,0x00000000eb200000,0x00000000eb300000)
 ParOldGen       total 100352K, used 98123K [0x00000000c0000000, 0x00000000c6200000, 0x00000000eab00000)
  object space 100352K, 97% used [0x00000000c0000000,0x00000000c5fd2d98,0x00000000c6200000)
 Metaspace       used 76360K, committed 77696K, reserved 1179648K
  class space    used 8036K, committed 8640K, reserved 1048576K
}
Event: 26.182 GC heap after
{Heap after GC invocations=164 (full 5):
 PSYoungGen      total 6656K, used 480K [0x00000000eab00000, 0x00000000eb280000, 0x0000000100000000)
  eden space 6144K, 0% used [0x00000000eab00000,0x00000000eab00000,0x00000000eb100000)
  from space 512K, 93% used [0x00000000eb200000,0x00000000eb278000,0x00000000eb280000)
  to   space 512K, 0% used [0x00000000eb180000,0x00000000eb180000,0x00000000eb200000)
 ParOldGen       total 100352K, used 98411K [0x00000000c0000000, 0x00000000c6200000, 0x00000000eab00000)
  object space 100352K, 98% used [0x00000000c0000000,0x00000000c601ad98,0x00000000c6200000)
 Metaspace       used 76360K, committed 77696K, reserved 1179648K
  class space    used 8036K, committed 8640K, reserved 1048576K
}
Event: 26.190 GC heap before
{Heap before GC invocations=165 (full 5):
 PSYoungGen      total 6656K, used 6624K [0x00000000eab00000, 0x00000000eb280000, 0x0000000100000000)
  eden space 6144K, 100% used [0x00000000eab00000,0x00000000eb100000,0x00000000eb100000)
  from space 512K, 93% used [0x00000000eb200000,0x00000000eb278000,0x00000000eb280000)
  to   space 512K, 0% used [0x00000000eb180000,0x00000000eb180000,0x00000000eb200000)
 ParOldGen       total 100352K, used 98411K [0x00000000c0000000, 0x00000000c6200000, 0x00000000eab00000)
  object space 100352K, 98% used [0x00000000c0000000,0x00000000c601ad98,0x00000000c6200000)
 Metaspace       used 76360K, committed 77696K, reserved 1179648K
  class space    used 8036K, committed 8640K, reserved 1048576K
}
Event: 26.191 GC heap after
{Heap after GC invocations=165 (full 5):
 PSYoungGen      total 6656K, used 512K [0x00000000eab00000, 0x00000000eb300000, 0x0000000100000000)
  eden space 6144K, 0% used [0x00000000eab00000,0x00000000eab00000,0x00000000eb100000)
  from space 512K, 100% used [0x00000000eb180000,0x00000000eb200000,0x00000000eb200000)
  to   space 1024K, 0% used [0x00000000eb200000,0x00000000eb200000,0x00000000eb300000)
 ParOldGen       total 100352K, used 98843K [0x00000000c0000000, 0x00000000c6200000, 0x00000000eab00000)
  object space 100352K, 98% used [0x00000000c0000000,0x00000000c6086d98,0x00000000c6200000)
 Metaspace       used 76360K, committed 77696K, reserved 1179648K
  class space    used 8036K, committed 8640K, reserved 1048576K
}
Event: 26.198 GC heap before
{Heap before GC invocations=166 (full 5):
 PSYoungGen      total 6656K, used 6656K [0x00000000eab00000, 0x00000000eb300000, 0x0000000100000000)
  eden space 6144K, 100% used [0x00000000eab00000,0x00000000eb100000,0x00000000eb100000)
  from space 512K, 100% used [0x00000000eb180000,0x00000000eb200000,0x00000000eb200000)
  to   space 1024K, 0% used [0x00000000eb200000,0x00000000eb200000,0x00000000eb300000)
 ParOldGen       total 100352K, used 98843K [0x00000000c0000000, 0x00000000c6200000, 0x00000000eab00000)
  object space 100352K, 98% used [0x00000000c0000000,0x00000000c6086d98,0x00000000c6200000)
 Metaspace       used 76360K, committed 77696K, reserved 1179648K
  class space    used 8036K, committed 8640K, reserved 1048576K
}
Event: 26.199 GC heap after
{Heap after GC invocations=166 (full 5):
 PSYoungGen      total 7168K, used 480K [0x00000000eab00000, 0x00000000eb300000, 0x0000000100000000)
  eden space 6144K, 0% used [0x00000000eab00000,0x00000000eab00000,0x00000000eb100000)
  from space 1024K, 46% used [0x00000000eb200000,0x00000000eb278000,0x00000000eb300000)
  to   space 1024K, 0% used [0x00000000eb100000,0x00000000eb100000,0x00000000eb200000)
 ParOldGen       total 100352K, used 99235K [0x00000000c0000000, 0x00000000c6200000, 0x00000000eab00000)
  object space 100352K, 98% used [0x00000000c0000000,0x00000000c60e8da8,0x00000000c6200000)
 Metaspace       used 76360K, committed 77696K, reserved 1179648K
  class space    used 8036K, committed 8640K, reserved 1048576K
}
Event: 26.208 GC heap before
{Heap before GC invocations=167 (full 5):
 PSYoungGen      total 7168K, used 6624K [0x00000000eab00000, 0x00000000eb300000, 0x0000000100000000)
  eden space 6144K, 100% used [0x00000000eab00000,0x00000000eb100000,0x00000000eb100000)
  from space 1024K, 46% used [0x00000000eb200000,0x00000000eb278000,0x00000000eb300000)
  to   space 1024K, 0% used [0x00000000eb100000,0x00000000eb100000,0x00000000eb200000)
 ParOldGen       total 100352K, used 99235K [0x00000000c0000000, 0x00000000c6200000, 0x00000000eab00000)
  object space 100352K, 98% used [0x00000000c0000000,0x00000000c60e8da8,0x00000000c6200000)
 Metaspace       used 76360K, committed 77696K, reserved 1179648K
  class space    used 8036K, committed 8640K, reserved 1048576K
}
Event: 26.209 GC heap after
{Heap after GC invocations=167 (full 5):
 PSYoungGen      total 7168K, used 448K [0x00000000eab00000, 0x00000000eb280000, 0x0000000100000000)
  eden space 6144K, 0% used [0x00000000eab00000,0x00000000eab00000,0x00000000eb100000)
  from space 1024K, 43% used [0x00000000eb100000,0x00000000eb170000,0x00000000eb200000)
  to   space 512K, 0% used [0x00000000eb200000,0x00000000eb200000,0x00000000eb280000)
 ParOldGen       total 100352K, used 99496K [0x00000000c0000000, 0x00000000c6200000, 0x00000000eab00000)
  object space 100352K, 99% used [0x00000000c0000000,0x00000000c612a100,0x00000000c6200000)
 Metaspace       used 76360K, committed 77696K, reserved 1179648K
  class space    used 8036K, committed 8640K, reserved 1048576K
}
Event: 26.219 GC heap before
{Heap before GC invocations=168 (full 5):
 PSYoungGen      total 7168K, used 6592K [0x00000000eab00000, 0x00000000eb280000, 0x0000000100000000)
  eden space 6144K, 100% used [0x00000000eab00000,0x00000000eb100000,0x00000000eb100000)
  from space 1024K, 43% used [0x00000000eb100000,0x00000000eb170000,0x00000000eb200000)
  to   space 512K, 0% used [0x00000000eb200000,0x00000000eb200000,0x00000000eb280000)
 ParOldGen       total 100352K, used 99496K [0x00000000c0000000, 0x00000000c6200000, 0x00000000eab00000)
  object space 100352K, 99% used [0x00000000c0000000,0x00000000c612a100,0x00000000c6200000)
 Metaspace       used 76360K, committed 77696K, reserved 1179648K
  class space    used 8036K, committed 8640K, reserved 1048576K
}
Event: 26.219 GC heap after
{Heap after GC invocations=168 (full 5):
 PSYoungGen      total 6656K, used 480K [0x00000000eab00000, 0x00000000eb280000, 0x0000000100000000)
  eden space 6144K, 0% used [0x00000000eab00000,0x00000000eab00000,0x00000000eb100000)
  from space 512K, 93% used [0x00000000eb200000,0x00000000eb278000,0x00000000eb280000)
  to   space 512K, 0% used [0x00000000eb180000,0x00000000eb180000,0x00000000eb200000)
 ParOldGen       total 100352K, used 99688K [0x00000000c0000000, 0x00000000c6200000, 0x00000000eab00000)
  object space 100352K, 99% used [0x00000000c0000000,0x00000000c615a100,0x00000000c6200000)
 Metaspace       used 76360K, committed 77696K, reserved 1179648K
  class space    used 8036K, committed 8640K, reserved 1048576K
}
Event: 26.233 GC heap before
{Heap before GC invocations=169 (full 5):
 PSYoungGen      total 6656K, used 6624K [0x00000000eab00000, 0x00000000eb280000, 0x0000000100000000)
  eden space 6144K, 100% used [0x00000000eab00000,0x00000000eb100000,0x00000000eb100000)
  from space 512K, 93% used [0x00000000eb200000,0x00000000eb278000,0x00000000eb280000)
  to   space 512K, 0% used [0x00000000eb180000,0x00000000eb180000,0x00000000eb200000)
 ParOldGen       total 100352K, used 99688K [0x00000000c0000000, 0x00000000c6200000, 0x00000000eab00000)
  object space 100352K, 99% used [0x00000000c0000000,0x00000000c615a100,0x00000000c6200000)
 Metaspace       used 76369K, committed 77696K, reserved 1179648K
  class space    used 8036K, committed 8640K, reserved 1048576K
}
Event: 26.233 GC heap after
{Heap after GC invocations=169 (full 5):
 PSYoungGen      total 6656K, used 497K [0x00000000eab00000, 0x00000000eb280000, 0x0000000100000000)
  eden space 6144K, 0% used [0x00000000eab00000,0x00000000eab00000,0x00000000eb100000)
  from space 512K, 97% used [0x00000000eb180000,0x00000000eb1fc770,0x00000000eb200000)
  to   space 512K, 0% used [0x00000000eb200000,0x00000000eb200000,0x00000000eb280000)
 ParOldGen       total 100352K, used 99856K [0x00000000c0000000, 0x00000000c6200000, 0x00000000eab00000)
  object space 100352K, 99% used [0x00000000c0000000,0x00000000c6184100,0x00000000c6200000)
 Metaspace       used 76369K, committed 77696K, reserved 1179648K
  class space    used 8036K, committed 8640K, reserved 1048576K
}
Event: 26.244 GC heap before
{Heap before GC invocations=170 (full 5):
 PSYoungGen      total 6656K, used 6641K [0x00000000eab00000, 0x00000000eb280000, 0x0000000100000000)
  eden space 6144K, 100% used [0x00000000eab00000,0x00000000eb100000,0x00000000eb100000)
  from space 512K, 97% used [0x00000000eb180000,0x00000000eb1fc770,0x00000000eb200000)
  to   space 512K, 0% used [0x00000000eb200000,0x00000000eb200000,0x00000000eb280000)
 ParOldGen       total 100352K, used 99856K [0x00000000c0000000, 0x00000000c6200000, 0x00000000eab00000)
  object space 100352K, 99% used [0x00000000c0000000,0x00000000c6184100,0x00000000c6200000)
 Metaspace       used 76375K, committed 77696K, reserved 1179648K
  class space    used 8036K, committed 8640K, reserved 1048576K
}
Event: 26.245 GC heap after
{Heap after GC invocations=170 (full 5):
 PSYoungGen      total 6656K, used 480K [0x00000000eab00000, 0x00000000eb280000, 0x0000000100000000)
  eden space 6144K, 0% used [0x00000000eab00000,0x00000000eab00000,0x00000000eb100000)
  from space 512K, 93% used [0x00000000eb200000,0x00000000eb278000,0x00000000eb280000)
  to   space 512K, 0% used [0x00000000eb180000,0x00000000eb180000,0x00000000eb200000)
 ParOldGen       total 100352K, used 100040K [0x00000000c0000000, 0x00000000c6200000, 0x00000000eab00000)
  object space 100352K, 99% used [0x00000000c0000000,0x00000000c61b2100,0x00000000c6200000)
 Metaspace       used 76375K, committed 77696K, reserved 1179648K
  class space    used 8036K, committed 8640K, reserved 1048576K
}
Event: 26.256 GC heap before
{Heap before GC invocations=171 (full 5):
 PSYoungGen      total 6656K, used 6624K [0x00000000eab00000, 0x00000000eb280000, 0x0000000100000000)
  eden space 6144K, 100% used [0x00000000eab00000,0x00000000eb100000,0x00000000eb100000)
  from space 512K, 93% used [0x00000000eb200000,0x00000000eb278000,0x00000000eb280000)
  to   space 512K, 0% used [0x00000000eb180000,0x00000000eb180000,0x00000000eb200000)
 ParOldGen       total 100352K, used 100040K [0x00000000c0000000, 0x00000000c6200000, 0x00000000eab00000)
  object space 100352K, 99% used [0x00000000c0000000,0x00000000c61b2100,0x00000000c6200000)
 Metaspace       used 76375K, committed 77696K, reserved 1179648K
  class space    used 8036K, committed 8640K, reserved 1048576K
}
Event: 26.257 GC heap after
{Heap after GC invocations=171 (full 5):
 PSYoungGen      total 6656K, used 416K [0x00000000eab00000, 0x00000000eb280000, 0x0000000100000000)
  eden space 6144K, 0% used [0x00000000eab00000,0x00000000eab00000,0x00000000eb100000)
  from space 512K, 81% used [0x00000000eb180000,0x00000000eb1e8000,0x00000000eb200000)
  to   space 512K, 0% used [0x00000000eb200000,0x00000000eb200000,0x00000000eb280000)
 ParOldGen       total 100352K, used 100224K [0x00000000c0000000, 0x00000000c6200000, 0x00000000eab00000)
  object space 100352K, 99% used [0x00000000c0000000,0x00000000c61e0100,0x00000000c6200000)
 Metaspace       used 76375K, committed 77696K, reserved 1179648K
  class space    used 8036K, committed 8640K, reserved 1048576K
}
Event: 26.279 GC heap before
{Heap before GC invocations=172 (full 6):
 PSYoungGen      total 6656K, used 6560K [0x00000000eab00000, 0x00000000eb280000, 0x0000000100000000)
  eden space 6144K, 100% used [0x00000000eab00000,0x00000000eb100000,0x00000000eb100000)
  from space 512K, 81% used [0x00000000eb180000,0x00000000eb1e8000,0x00000000eb200000)
  to   space 512K, 0% used [0x00000000eb200000,0x00000000eb200000,0x00000000eb280000)
 ParOldGen       total 100352K, used 100224K [0x00000000c0000000, 0x00000000c6200000, 0x00000000eab00000)
  object space 100352K, 99% used [0x00000000c0000000,0x00000000c61e0100,0x00000000c6200000)
 Metaspace       used 76405K, committed 77696K, reserved 1179648K
  class space    used 8036K, committed 8640K, reserved 1048576K
}
Event: 26.329 GC heap after
{Heap after GC invocations=172 (full 6):
 PSYoungGen      total 6656K, used 0K [0x00000000eab00000, 0x00000000eb280000, 0x0000000100000000)
  eden space 6144K, 0% used [0x00000000eab00000,0x00000000eab00000,0x00000000eb100000)
  from space 512K, 0% used [0x00000000eb200000,0x00000000eb200000,0x00000000eb280000)
  to   space 512K, 0% used [0x00000000eb180000,0x00000000eb180000,0x00000000eb200000)
 ParOldGen       total 84480K, used 60727K [0x00000000c0000000, 0x00000000c5280000, 0x00000000eab00000)
  object space 84480K, 71% used [0x00000000c0000000,0x00000000c3b4dee0,0x00000000c5280000)
 Metaspace       used 76405K, committed 77696K, reserved 1179648K
  class space    used 8036K, committed 8640K, reserved 1048576K
}

